# JRE version: Java(TM) SE Runtime Environment (17.0.1+12) (build 17.0.1+12-LTS-39)
# Java VM: Java HotSpot(TM) 64-Bit Server VM (17.0.1+12-LTS-39, mixed mode, sharing, tiered, compressed oops, compressed class ptrs, g1 gc, windows-amd64)
GC Precious Log:
 CPUs: 4 total, 4 available
 Memory: 16264M
 Large Page Support: Disabled
 NUMA Support: Disabled
 Compressed Oops: Enabled (Zero based)
 Heap Region Size: 2M
 Heap Min Capacity: 8M
 Heap Initial Capacity: 256M
 Heap Max Capacity: 4068M
 Pre-touch: Disabled
 Parallel Workers: 4
 Concurrent Workers: 1
 Concurrent Refinement Workers: 4
 Periodic GC: Disabled
Heap:
 garbage-first heap   total 90112K, used 63959K [0x0000000701c00000, 0x0000000800000000)
  region size 2048K, 16 young (32768K), 3 survivors (6144K)
 Metaspace       used 41550K, committed 41856K, reserved 1089536K
  class space    used 5082K, committed 5248K, reserved 1048576K
GC Heap History (16 events):
Event: 0.274 GC heap before
{Heap before GC invocations=0 (full 0):
 garbage-first heap   total 262144K, used 14336K [0x0000000701c00000, 0x0000000800000000)
  region size 2048K, 6 young (12288K), 0 survivors (0K)
 Metaspace       used 3409K, committed 3520K, reserved 1056768K
  class space    used 271K, committed 320K, reserved 1048576K
}
Event: 0.277 GC heap after
{Heap after GC invocations=1 (full 0):
 garbage-first heap   total 262144K, used 5948K [0x0000000701c00000, 0x0000000800000000)
  region size 2048K, 1 young (2048K), 1 survivors (2048K)
 Metaspace       used 3409K, committed 3520K, reserved 1056768K
  class space    used 271K, committed 320K, reserved 1048576K
}
Event: 0.478 GC heap before
{Heap before GC invocations=1 (full 0):
 garbage-first heap   total 262144K, used 18236K [0x0000000701c00000, 0x0000000800000000)
  region size 2048K, 8 young (16384K), 1 survivors (2048K)
 Metaspace       used 7028K, committed 7168K, reserved 1064960K
  class space    used 720K, committed 768K, reserved 1048576K
}
Event: 0.482 GC heap after
{Heap after GC invocations=2 (full 0):
 garbage-first heap   total 262144K, used 7272K [0x0000000701c00000, 0x0000000800000000)
  region size 2048K, 1 young (2048K), 1 survivors (2048K)
 Metaspace       used 7028K, committed 7168K, reserved 1064960K
  class space    used 720K, committed 768K, reserved 1048576K
}
Event: 1.586 GC heap before
{Heap before GC invocations=2 (full 0):
 garbage-first heap   total 262144K, used 76904K [0x0000000701c00000, 0x0000000800000000)
  region size 2048K, 31 young (63488K), 1 survivors (2048K)
 Metaspace       used 21375K, committed 21504K, reserved 1073152K
  class space    used 2748K, committed 2816K, reserved 1048576K
}
Event: 1.595 GC heap after
{Heap after GC invocations=3 (full 0):
 garbage-first heap   total 262144K, used 21227K [0x0000000701c00000, 0x0000000800000000)
  region size 2048K, 4 young (8192K), 4 survivors (8192K)
 Metaspace       used 21375K, committed 21504K, reserved 1073152K
  class space    used 2748K, committed 2816K, reserved 1048576K
}
Event: 1.707 GC heap before
{Heap before GC invocations=3 (full 0):
 garbage-first heap   total 262144K, used 21227K [0x0000000701c00000, 0x0000000800000000)
  region size 2048K, 5 young (10240K), 4 survivors (8192K)
 Metaspace       used 21388K, committed 21504K, reserved 1073152K
  class space    used 2748K, committed 2816K, reserved 1048576K
}
Event: 1.713 GC heap after
{Heap after GC invocations=4 (full 0):
 garbage-first heap   total 262144K, used 21691K [0x0000000701c00000, 0x0000000800000000)
  region size 2048K, 4 young (8192K), 4 survivors (8192K)
 Metaspace       used 21388K, committed 21504K, reserved 1073152K
  class space    used 2748K, committed 2816K, reserved 1048576K
}
Event: 2.597 GC heap before
{Heap before GC invocations=5 (full 0):
 garbage-first heap   total 90112K, used 68795K [0x0000000701c00000, 0x0000000800000000)
  region size 2048K, 25 young (51200K), 4 survivors (8192K)
 Metaspace       used 28444K, committed 28672K, reserved 1081344K
  class space    used 3743K, committed 3840K, reserved 1048576K
}
Event: 2.609 GC heap after
{Heap after GC invocations=6 (full 0):
 garbage-first heap   total 90112K, used 30036K [0x0000000701c00000, 0x0000000800000000)
  region size 2048K, 4 young (8192K), 4 survivors (8192K)
 Metaspace       used 28444K, committed 28672K, reserved 1081344K
  class space    used 3743K, committed 3840K, reserved 1048576K
}
Event: 2.631 GC heap before
{Heap before GC invocations=6 (full 0):
 garbage-first heap   total 90112K, used 30036K [0x0000000701c00000, 0x0000000800000000)
  region size 2048K, 5 young (10240K), 4 survivors (8192K)
 Metaspace       used 28881K, committed 29056K, reserved 1081344K
  class space    used 3781K, committed 3840K, reserved 1048576K
}
Event: 2.639 GC heap after
{Heap after GC invocations=7 (full 0):
 garbage-first heap   total 90112K, used 31175K [0x0000000701c00000, 0x0000000800000000)
  region size 2048K, 1 young (2048K), 1 survivors (2048K)
 Metaspace       used 28881K, committed 29056K, reserved 1081344K
  class space    used 3781K, committed 3840K, reserved 1048576K
}
Event: 3.072 GC heap before
{Heap before GC invocations=7 (full 0):
 garbage-first heap   total 90112K, used 57799K [0x0000000701c00000, 0x0000000800000000)
  region size 2048K, 16 young (32768K), 1 survivors (2048K)
 Metaspace       used 35799K, committed 35968K, reserved 1081344K
  class space    used 4489K, committed 4608K, reserved 1048576K
}
Event: 3.080 GC heap after
{Heap after GC invocations=8 (full 0):
 garbage-first heap   total 90112K, used 32334K [0x0000000701c00000, 0x0000000800000000)
  region size 2048K, 2 young (4096K), 2 survivors (4096K)
 Metaspace       used 35799K, committed 35968K, reserved 1081344K
  class space    used 4489K, committed 4608K, reserved 1048576K
}
Event: 3.505 GC heap before
{Heap before GC invocations=9 (full 0):
 garbage-first heap   total 90112K, used 65102K [0x0000000701c00000, 0x0000000800000000)
  region size 2048K, 18 young (36864K), 2 survivors (4096K)
 Metaspace       used 38882K, committed 39104K, reserved 1089536K
  class space    used 4802K, committed 4928K, reserved 1048576K
}
Event: 3.515 GC heap after
{Heap after GC invocations=10 (full 0):
 garbage-first heap   total 90112K, used 39383K [0x0000000701c00000, 0x0000000800000000)
  region size 2048K, 3 young (6144K), 3 survivors (6144K)
 Metaspace       used 38882K, committed 39104K, reserved 1089536K
  class space    used 4802K, committed 4928K, reserved 1048576K
}

